[debug] [2020-02-27T10:34:15.267Z] ----------------------------------------------------------------------
[debug] [2020-02-27T10:34:15.268Z] Command:       /Users/damianveltkamp/.nvm/versions/node/v12.16.1/bin/node /usr/local/bin/firebase serve --only functions
[debug] [2020-02-27T10:34:15.268Z] CLI Version:   7.13.1
[debug] [2020-02-27T10:34:15.268Z] Platform:      darwin
[debug] [2020-02-27T10:34:15.268Z] Node Version:  v12.16.1
[debug] [2020-02-27T10:34:15.273Z] Time:          Thu Feb 27 2020 11:34:15 GMT+0100 (Central European Standard Time)
[debug] [2020-02-27T10:34:15.273Z] ----------------------------------------------------------------------
[debug] [2020-02-27T10:34:15.273Z] 
[debug] [2020-02-27T10:34:15.282Z] > command requires scopes: ["email","openid","https://www.googleapis.com/auth/cloudplatformprojects.readonly","https://www.googleapis.com/auth/firebase","https://www.googleapis.com/auth/cloud-platform"]
[debug] [2020-02-27T10:34:15.282Z] > authorizing via signed-in user
[debug] [2020-02-27T10:34:15.282Z] [iam] checking project web-app-from-scratch-f6a7f for permissions ["firebase.projects.get"]
[debug] [2020-02-27T10:34:15.284Z] >>> HTTP REQUEST POST https://cloudresourcemanager.googleapis.com/v1/projects/web-app-from-scratch-f6a7f:testIamPermissions  

[debug] [2020-02-27T10:34:16.295Z] <<< HTTP RESPONSE 200
[debug] [2020-02-27T10:34:16.297Z] >>> HTTP REQUEST GET https://firebase.googleapis.com/v1beta1/projects/web-app-from-scratch-f6a7f  
 
[debug] [2020-02-27T10:34:16.596Z] <<< HTTP RESPONSE 200
[warn] ⚠  Your requested "node" version "8" doesn't match your global version "12"
[info] ✔  functions: Emulator started at http://localhost:5000
[info] i  functions: Watching "/Users/damianveltkamp/Documents/development/web-app-from-scratch-1920/functions" for Cloud Functions...
[debug] [2020-02-27T10:34:16.630Z] [worker-pool] addWorker(~diagnostic~)
[debug] [2020-02-27T10:34:16.630Z] [worker-pool] Adding worker with key ~diagnostic~, total=1
[debug] [2020-02-27T10:34:16.630Z] [worker-pool] submitWork(triggerId=)
[debug] [2020-02-27T10:34:16.631Z] [worker-~diagnostic~-44ca3a04-03b3-45c7-afd8-f705489040e1]: Assigning socketPath: /var/folders/n1/krrhmrc50z70khp8vr9lk5b80000gn/T/fire_emu_38872.sock
[debug] [2020-02-27T10:34:16.631Z] [worker-~diagnostic~-44ca3a04-03b3-45c7-afd8-f705489040e1]: BUSY
[debug] [2020-02-27T10:34:16.845Z] [runtime-status] [38872] Functions runtime initialized. {"cwd":"/Users/damianveltkamp/Documents/development/web-app-from-scratch-1920/functions","node_version":"12.16.1"}
[debug] [2020-02-27T10:34:16.845Z] [runtime-status] [38872] Disabled runtime features: {"functions_config_helper":true,"network_filtering":true,"timeout":true,"memory_limiting":true,"admin_stubs":true,"pubsub_emulator":true}
[debug] [2020-02-27T10:34:16.847Z] [runtime-status] [38872] Resolved module firebase-admin {"declared":true,"installed":true,"version":"8.9.2","resolution":"/Users/damianveltkamp/Documents/development/web-app-from-scratch-1920/functions/node_modules/firebase-admin/lib/index.js"}
[debug] [2020-02-27T10:34:16.847Z] [runtime-status] [38872] Resolved module firebase-functions {"declared":true,"installed":true,"version":"3.3.0","resolution":"/Users/damianveltkamp/Documents/development/web-app-from-scratch-1920/functions/node_modules/firebase-functions/lib/index.js"}
[debug] [2020-02-27T10:34:16.848Z] [runtime-status] [38872] Resolved module firebase-functions {"declared":true,"installed":true,"version":"3.3.0","resolution":"/Users/damianveltkamp/Documents/development/web-app-from-scratch-1920/functions/node_modules/firebase-functions/lib/index.js"}
[info] ✔  functions[scraper]: http function initialized (http://localhost:5000/web-app-from-scratch-f6a7f/us-central1/scraper).
[debug] [2020-02-27T10:34:16.963Z] [worker-~diagnostic~-44ca3a04-03b3-45c7-afd8-f705489040e1]: IDLE
[debug] [2020-02-27T10:48:55.410Z] [work-queue] {"queueLength":1,"workRunningCount":0}
[debug] [2020-02-27T10:48:55.411Z] [work-queue] {"queueLength":0,"workRunningCount":1}
[debug] [2020-02-27T10:48:55.411Z] Accepted request POST /web-app-from-scratch-f6a7f/us-central1/scraper --> scraper
[debug] [2020-02-27T10:48:55.417Z] [worker-pool] addWorker(scraper)
[debug] [2020-02-27T10:48:55.418Z] [worker-pool] Adding worker with key scraper, total=1
[debug] [2020-02-27T10:48:55.418Z] [worker-pool] submitWork(triggerId=scraper)
[debug] [2020-02-27T10:48:55.418Z] [worker-scraper-07393ccd-f513-4607-8274-bc1568c3db0e]: Assigning socketPath: /var/folders/n1/krrhmrc50z70khp8vr9lk5b80000gn/T/fire_emu_39670.sock
[debug] [2020-02-27T10:48:55.418Z] [worker-scraper-07393ccd-f513-4607-8274-bc1568c3db0e]: BUSY
[debug] [2020-02-27T10:48:55.640Z] [runtime-status] [39670] Functions runtime initialized. {"cwd":"/Users/damianveltkamp/Documents/development/web-app-from-scratch-1920/functions","node_version":"12.16.1"}
[debug] [2020-02-27T10:48:55.641Z] [runtime-status] [39670] Disabled runtime features: {"functions_config_helper":true,"network_filtering":true,"timeout":true,"memory_limiting":true,"admin_stubs":true,"pubsub_emulator":true}
[debug] [2020-02-27T10:48:55.643Z] [runtime-status] [39670] Resolved module firebase-admin {"declared":true,"installed":true,"version":"8.9.2","resolution":"/Users/damianveltkamp/Documents/development/web-app-from-scratch-1920/functions/node_modules/firebase-admin/lib/index.js"}
[debug] [2020-02-27T10:48:55.643Z] [runtime-status] [39670] Resolved module firebase-functions {"declared":true,"installed":true,"version":"3.3.0","resolution":"/Users/damianveltkamp/Documents/development/web-app-from-scratch-1920/functions/node_modules/firebase-functions/lib/index.js"}
[debug] [2020-02-27T10:48:55.644Z] [runtime-status] [39670] Resolved module firebase-functions {"declared":true,"installed":true,"version":"3.3.0","resolution":"/Users/damianveltkamp/Documents/development/web-app-from-scratch-1920/functions/node_modules/firebase-functions/lib/index.js"}
[debug] [2020-02-27T10:48:55.761Z] [runtime-status] [39670] Trigger "scraper" has been found, beginning invocation!
[info] i  functions: Beginning execution of "scraper"
[debug] [2020-02-27T10:48:55.762Z] [runtime-status] [39670] triggerDefinition {"httpsTrigger":{},"name":"scraper","entryPoint":"scraper"}
[debug] [2020-02-27T10:48:55.762Z] [runtime-status] [39670] Running scraper in mode HTTPS
[debug] [2020-02-27T10:48:55.765Z] [runtime-status] [39670] Attempting to listen to socketPath: /var/folders/n1/krrhmrc50z70khp8vr9lk5b80000gn/T/fire_emu_39670.sock
[debug] [2020-02-27T10:48:55.768Z] [functions] Runtime ready! Sending request!
[debug] [2020-02-27T10:48:55.790Z] [runtime-status] [39670] Ephemeral server handling POST request
[debug] [2020-02-27T10:48:55.811Z] [runtime-status] [39670] Ephemeral server survived.
[info] i  functions: Finished "scraper" in ~1s
[debug] [2020-02-27T10:48:57.499Z] [worker-scraper-07393ccd-f513-4607-8274-bc1568c3db0e]: IDLE
[debug] [2020-02-27T10:48:57.499Z] [work-queue] {"queueLength":0,"workRunningCount":0}
[debug] [2020-02-27T10:57:22.061Z] [work-queue] {"queueLength":1,"workRunningCount":0}
[debug] [2020-02-27T10:57:22.061Z] [work-queue] {"queueLength":0,"workRunningCount":1}
[debug] [2020-02-27T10:57:22.061Z] Accepted request POST /web-app-from-scratch-f6a7f/us-central1/scraper --> scraper
[debug] [2020-02-27T10:57:22.061Z] [worker-pool] submitWork(triggerId=scraper)
[debug] [2020-02-27T10:57:22.061Z] [worker-scraper-07393ccd-f513-4607-8274-bc1568c3db0e]: Assigning socketPath: /var/folders/n1/krrhmrc50z70khp8vr9lk5b80000gn/T/fire_emu_39670.sock
[debug] [2020-02-27T10:57:22.061Z] [worker-scraper-07393ccd-f513-4607-8274-bc1568c3db0e]: BUSY
[debug] [2020-02-27T10:57:22.062Z] [runtime-status] [39670] Trigger "scraper" has been found, beginning invocation!
[info] i  functions: Beginning execution of "scraper"
[debug] [2020-02-27T10:57:22.062Z] [runtime-status] [39670] triggerDefinition {"httpsTrigger":{},"name":"scraper","entryPoint":"scraper"}
[debug] [2020-02-27T10:57:22.062Z] [runtime-status] [39670] Running scraper in mode HTTPS
[debug] [2020-02-27T10:57:22.063Z] [runtime-status] [39670] Attempting to listen to socketPath: /var/folders/n1/krrhmrc50z70khp8vr9lk5b80000gn/T/fire_emu_39670.sock
[debug] [2020-02-27T10:57:22.065Z] [functions] Runtime ready! Sending request!
[debug] [2020-02-27T10:57:22.070Z] [runtime-status] [39670] Ephemeral server handling POST request
[debug] [2020-02-27T10:57:22.079Z] [runtime-status] [39670] Ephemeral server survived.
[info] i  functions: Finished "scraper" in ~1s
[debug] [2020-02-27T10:57:23.404Z] [worker-scraper-07393ccd-f513-4607-8274-bc1568c3db0e]: IDLE
[debug] [2020-02-27T10:57:23.405Z] [work-queue] {"queueLength":0,"workRunningCount":0}
[debug] [2020-02-27T10:57:41.638Z] [work-queue] {"queueLength":1,"workRunningCount":0}
[debug] [2020-02-27T10:57:41.638Z] [work-queue] {"queueLength":0,"workRunningCount":1}
[debug] [2020-02-27T10:57:41.638Z] Accepted request POST /web-app-from-scratch-f6a7f/us-central1/scraper --> scraper
[debug] [2020-02-27T10:57:41.638Z] [worker-pool] submitWork(triggerId=scraper)
[debug] [2020-02-27T10:57:41.638Z] [worker-scraper-07393ccd-f513-4607-8274-bc1568c3db0e]: Assigning socketPath: /var/folders/n1/krrhmrc50z70khp8vr9lk5b80000gn/T/fire_emu_39670.sock
[debug] [2020-02-27T10:57:41.638Z] [worker-scraper-07393ccd-f513-4607-8274-bc1568c3db0e]: BUSY
[debug] [2020-02-27T10:57:41.639Z] [runtime-status] [39670] Trigger "scraper" has been found, beginning invocation!
[info] i  functions: Beginning execution of "scraper"
[debug] [2020-02-27T10:57:41.640Z] [runtime-status] [39670] triggerDefinition {"httpsTrigger":{},"name":"scraper","entryPoint":"scraper"}
[debug] [2020-02-27T10:57:41.640Z] [runtime-status] [39670] Running scraper in mode HTTPS
[debug] [2020-02-27T10:57:41.640Z] [runtime-status] [39670] Attempting to listen to socketPath: /var/folders/n1/krrhmrc50z70khp8vr9lk5b80000gn/T/fire_emu_39670.sock
[debug] [2020-02-27T10:57:41.641Z] [functions] Runtime ready! Sending request!
[debug] [2020-02-27T10:57:41.645Z] [runtime-status] [39670] Ephemeral server handling POST request
[debug] [2020-02-27T10:57:41.646Z] [runtime-status] [39670] Ephemeral server survived.
[info] i  functions: Finished "scraper" in ~1s
[debug] [2020-02-27T10:57:42.973Z] [worker-scraper-07393ccd-f513-4607-8274-bc1568c3db0e]: IDLE
[debug] [2020-02-27T10:57:42.973Z] [work-queue] {"queueLength":0,"workRunningCount":0}
[debug] [2020-02-27T10:57:46.184Z] [work-queue] {"queueLength":1,"workRunningCount":0}
[debug] [2020-02-27T10:57:46.184Z] [work-queue] {"queueLength":0,"workRunningCount":1}
[debug] [2020-02-27T10:57:46.184Z] Accepted request POST /web-app-from-scratch-f6a7f/us-central1/scraper --> scraper
[debug] [2020-02-27T10:57:46.184Z] [worker-pool] submitWork(triggerId=scraper)
[debug] [2020-02-27T10:57:46.185Z] [worker-scraper-07393ccd-f513-4607-8274-bc1568c3db0e]: Assigning socketPath: /var/folders/n1/krrhmrc50z70khp8vr9lk5b80000gn/T/fire_emu_39670.sock
[debug] [2020-02-27T10:57:46.185Z] [worker-scraper-07393ccd-f513-4607-8274-bc1568c3db0e]: BUSY
[debug] [2020-02-27T10:57:46.185Z] [runtime-status] [39670] Trigger "scraper" has been found, beginning invocation!
[info] i  functions: Beginning execution of "scraper"
[debug] [2020-02-27T10:57:46.186Z] [runtime-status] [39670] triggerDefinition {"httpsTrigger":{},"name":"scraper","entryPoint":"scraper"}
[debug] [2020-02-27T10:57:46.186Z] [runtime-status] [39670] Running scraper in mode HTTPS
[debug] [2020-02-27T10:57:46.186Z] [runtime-status] [39670] Attempting to listen to socketPath: /var/folders/n1/krrhmrc50z70khp8vr9lk5b80000gn/T/fire_emu_39670.sock
[debug] [2020-02-27T10:57:46.187Z] [functions] Runtime ready! Sending request!
[debug] [2020-02-27T10:57:46.190Z] [runtime-status] [39670] Ephemeral server handling POST request
[debug] [2020-02-27T10:57:46.192Z] [runtime-status] [39670] Ephemeral server survived.
[info] i  functions: Finished "scraper" in ~1s
[debug] [2020-02-27T10:57:46.970Z] [worker-scraper-07393ccd-f513-4607-8274-bc1568c3db0e]: IDLE
[debug] [2020-02-27T10:57:46.970Z] [work-queue] {"queueLength":0,"workRunningCount":0}
[debug] [2020-02-27T10:57:54.646Z] [work-queue] {"queueLength":1,"workRunningCount":0}
[debug] [2020-02-27T10:57:54.646Z] [work-queue] {"queueLength":0,"workRunningCount":1}
[debug] [2020-02-27T10:57:54.646Z] Accepted request POST /web-app-from-scratch-f6a7f/us-central1/scraper --> scraper
[debug] [2020-02-27T10:57:54.646Z] [worker-pool] submitWork(triggerId=scraper)
[debug] [2020-02-27T10:57:54.646Z] [worker-scraper-07393ccd-f513-4607-8274-bc1568c3db0e]: Assigning socketPath: /var/folders/n1/krrhmrc50z70khp8vr9lk5b80000gn/T/fire_emu_39670.sock
[debug] [2020-02-27T10:57:54.646Z] [worker-scraper-07393ccd-f513-4607-8274-bc1568c3db0e]: BUSY
[debug] [2020-02-27T10:57:54.646Z] [runtime-status] [39670] Trigger "scraper" has been found, beginning invocation!
[info] i  functions: Beginning execution of "scraper"
[debug] [2020-02-27T10:57:54.647Z] [runtime-status] [39670] triggerDefinition {"httpsTrigger":{},"name":"scraper","entryPoint":"scraper"}
[debug] [2020-02-27T10:57:54.647Z] [runtime-status] [39670] Running scraper in mode HTTPS
[debug] [2020-02-27T10:57:54.647Z] [runtime-status] [39670] Attempting to listen to socketPath: /var/folders/n1/krrhmrc50z70khp8vr9lk5b80000gn/T/fire_emu_39670.sock
[debug] [2020-02-27T10:57:54.648Z] [functions] Runtime ready! Sending request!
[debug] [2020-02-27T10:57:54.651Z] [runtime-status] [39670] Ephemeral server handling POST request
[debug] [2020-02-27T10:57:54.653Z] [runtime-status] [39670] Ephemeral server survived.
[info] i  functions: Finished "scraper" in ~1s
[debug] [2020-02-27T10:57:56.136Z] [worker-scraper-07393ccd-f513-4607-8274-bc1568c3db0e]: IDLE
[debug] [2020-02-27T10:57:56.136Z] [work-queue] {"queueLength":0,"workRunningCount":0}
[debug] [2020-02-27T10:58:41.153Z] [work-queue] {"queueLength":1,"workRunningCount":0}
[debug] [2020-02-27T10:58:41.153Z] [work-queue] {"queueLength":0,"workRunningCount":1}
[debug] [2020-02-27T10:58:41.153Z] Accepted request POST /web-app-from-scratch-f6a7f/us-central1/scraper --> scraper
[debug] [2020-02-27T10:58:41.153Z] [worker-pool] submitWork(triggerId=scraper)
[debug] [2020-02-27T10:58:41.153Z] [worker-scraper-07393ccd-f513-4607-8274-bc1568c3db0e]: Assigning socketPath: /var/folders/n1/krrhmrc50z70khp8vr9lk5b80000gn/T/fire_emu_39670.sock
[debug] [2020-02-27T10:58:41.154Z] [worker-scraper-07393ccd-f513-4607-8274-bc1568c3db0e]: BUSY
[debug] [2020-02-27T10:58:41.155Z] [runtime-status] [39670] Trigger "scraper" has been found, beginning invocation!
[info] i  functions: Beginning execution of "scraper"
[debug] [2020-02-27T10:58:41.155Z] [runtime-status] [39670] triggerDefinition {"httpsTrigger":{},"name":"scraper","entryPoint":"scraper"}
[debug] [2020-02-27T10:58:41.155Z] [runtime-status] [39670] Running scraper in mode HTTPS
[debug] [2020-02-27T10:58:41.155Z] [runtime-status] [39670] Attempting to listen to socketPath: /var/folders/n1/krrhmrc50z70khp8vr9lk5b80000gn/T/fire_emu_39670.sock
[debug] [2020-02-27T10:58:41.156Z] [functions] Runtime ready! Sending request!
[debug] [2020-02-27T10:58:41.159Z] [runtime-status] [39670] Ephemeral server handling POST request
[debug] [2020-02-27T10:58:41.160Z] [runtime-status] [39670] Ephemeral server survived.
[info] i  functions: Finished "scraper" in ~1s
[debug] [2020-02-27T10:58:42.453Z] [worker-scraper-07393ccd-f513-4607-8274-bc1568c3db0e]: IDLE
[debug] [2020-02-27T10:58:42.453Z] [work-queue] {"queueLength":0,"workRunningCount":0}
[debug] [2020-02-27T10:58:52.984Z] [work-queue] {"queueLength":1,"workRunningCount":0}
[debug] [2020-02-27T10:58:52.984Z] [work-queue] {"queueLength":0,"workRunningCount":1}
[debug] [2020-02-27T10:58:52.984Z] Accepted request POST /web-app-from-scratch-f6a7f/us-central1/scraper --> scraper
[debug] [2020-02-27T10:58:52.984Z] [worker-pool] submitWork(triggerId=scraper)
[debug] [2020-02-27T10:58:52.985Z] [worker-scraper-07393ccd-f513-4607-8274-bc1568c3db0e]: Assigning socketPath: /var/folders/n1/krrhmrc50z70khp8vr9lk5b80000gn/T/fire_emu_39670.sock
[debug] [2020-02-27T10:58:52.985Z] [worker-scraper-07393ccd-f513-4607-8274-bc1568c3db0e]: BUSY
[debug] [2020-02-27T10:58:52.985Z] [runtime-status] [39670] Trigger "scraper" has been found, beginning invocation!
[info] i  functions: Beginning execution of "scraper"
[debug] [2020-02-27T10:58:52.985Z] [runtime-status] [39670] triggerDefinition {"httpsTrigger":{},"name":"scraper","entryPoint":"scraper"}
[debug] [2020-02-27T10:58:52.985Z] [runtime-status] [39670] Running scraper in mode HTTPS
[debug] [2020-02-27T10:58:52.986Z] [runtime-status] [39670] Attempting to listen to socketPath: /var/folders/n1/krrhmrc50z70khp8vr9lk5b80000gn/T/fire_emu_39670.sock
[debug] [2020-02-27T10:58:52.987Z] [functions] Runtime ready! Sending request!
[debug] [2020-02-27T10:58:52.990Z] [runtime-status] [39670] Ephemeral server handling POST request
[debug] [2020-02-27T10:58:52.992Z] [runtime-status] [39670] Ephemeral server survived.
[info] i  functions: Finished "scraper" in ~1s
[debug] [2020-02-27T10:58:53.742Z] [worker-scraper-07393ccd-f513-4607-8274-bc1568c3db0e]: IDLE
[debug] [2020-02-27T10:58:53.742Z] [work-queue] {"queueLength":0,"workRunningCount":0}
[debug] [2020-02-27T10:58:56.195Z] [work-queue] {"queueLength":1,"workRunningCount":0}
[debug] [2020-02-27T10:58:56.195Z] [work-queue] {"queueLength":0,"workRunningCount":1}
[debug] [2020-02-27T10:58:56.195Z] Accepted request POST /web-app-from-scratch-f6a7f/us-central1/scraper --> scraper
[debug] [2020-02-27T10:58:56.195Z] [worker-pool] submitWork(triggerId=scraper)
[debug] [2020-02-27T10:58:56.195Z] [worker-scraper-07393ccd-f513-4607-8274-bc1568c3db0e]: Assigning socketPath: /var/folders/n1/krrhmrc50z70khp8vr9lk5b80000gn/T/fire_emu_39670.sock
[debug] [2020-02-27T10:58:56.195Z] [worker-scraper-07393ccd-f513-4607-8274-bc1568c3db0e]: BUSY
[debug] [2020-02-27T10:58:56.196Z] [runtime-status] [39670] Trigger "scraper" has been found, beginning invocation!
[info] i  functions: Beginning execution of "scraper"
[debug] [2020-02-27T10:58:56.196Z] [runtime-status] [39670] triggerDefinition {"httpsTrigger":{},"name":"scraper","entryPoint":"scraper"}
[debug] [2020-02-27T10:58:56.196Z] [runtime-status] [39670] Running scraper in mode HTTPS
[debug] [2020-02-27T10:58:56.197Z] [runtime-status] [39670] Attempting to listen to socketPath: /var/folders/n1/krrhmrc50z70khp8vr9lk5b80000gn/T/fire_emu_39670.sock
[debug] [2020-02-27T10:58:56.197Z] [functions] Runtime ready! Sending request!
[debug] [2020-02-27T10:58:56.201Z] [runtime-status] [39670] Ephemeral server handling POST request
[debug] [2020-02-27T10:58:56.202Z] [runtime-status] [39670] Ephemeral server survived.
[info] i  functions: Finished "scraper" in ~1s
[debug] [2020-02-27T10:58:56.987Z] [worker-scraper-07393ccd-f513-4607-8274-bc1568c3db0e]: IDLE
[debug] [2020-02-27T10:58:56.987Z] [work-queue] {"queueLength":0,"workRunningCount":0}
[debug] [2020-02-27T10:59:01.690Z] [work-queue] {"queueLength":1,"workRunningCount":0}
[debug] [2020-02-27T10:59:01.690Z] [work-queue] {"queueLength":0,"workRunningCount":1}
[debug] [2020-02-27T10:59:01.690Z] Accepted request POST /web-app-from-scratch-f6a7f/us-central1/scraper --> scraper
[debug] [2020-02-27T10:59:01.690Z] [worker-pool] submitWork(triggerId=scraper)
[debug] [2020-02-27T10:59:01.690Z] [worker-scraper-07393ccd-f513-4607-8274-bc1568c3db0e]: Assigning socketPath: /var/folders/n1/krrhmrc50z70khp8vr9lk5b80000gn/T/fire_emu_39670.sock
[debug] [2020-02-27T10:59:01.690Z] [worker-scraper-07393ccd-f513-4607-8274-bc1568c3db0e]: BUSY
[debug] [2020-02-27T10:59:01.691Z] [runtime-status] [39670] Trigger "scraper" has been found, beginning invocation!
[info] i  functions: Beginning execution of "scraper"
[debug] [2020-02-27T10:59:01.692Z] [runtime-status] [39670] triggerDefinition {"httpsTrigger":{},"name":"scraper","entryPoint":"scraper"}
[debug] [2020-02-27T10:59:01.692Z] [runtime-status] [39670] Running scraper in mode HTTPS
[debug] [2020-02-27T10:59:01.692Z] [runtime-status] [39670] Attempting to listen to socketPath: /var/folders/n1/krrhmrc50z70khp8vr9lk5b80000gn/T/fire_emu_39670.sock
[debug] [2020-02-27T10:59:01.693Z] [functions] Runtime ready! Sending request!
[debug] [2020-02-27T10:59:01.696Z] [runtime-status] [39670] Ephemeral server handling POST request
[debug] [2020-02-27T10:59:01.698Z] [runtime-status] [39670] Ephemeral server survived.
[info] i  functions: Finished "scraper" in ~1s
[debug] [2020-02-27T10:59:02.525Z] [worker-scraper-07393ccd-f513-4607-8274-bc1568c3db0e]: IDLE
[debug] [2020-02-27T10:59:02.525Z] [work-queue] {"queueLength":0,"workRunningCount":0}
[debug] [2020-02-27T10:59:06.298Z] [work-queue] {"queueLength":1,"workRunningCount":0}
[debug] [2020-02-27T10:59:06.298Z] [work-queue] {"queueLength":0,"workRunningCount":1}
[debug] [2020-02-27T10:59:06.298Z] Accepted request POST /web-app-from-scratch-f6a7f/us-central1/scraper --> scraper
[debug] [2020-02-27T10:59:06.299Z] [worker-pool] submitWork(triggerId=scraper)
[debug] [2020-02-27T10:59:06.299Z] [worker-scraper-07393ccd-f513-4607-8274-bc1568c3db0e]: Assigning socketPath: /var/folders/n1/krrhmrc50z70khp8vr9lk5b80000gn/T/fire_emu_39670.sock
[debug] [2020-02-27T10:59:06.299Z] [worker-scraper-07393ccd-f513-4607-8274-bc1568c3db0e]: BUSY
[debug] [2020-02-27T10:59:06.299Z] [runtime-status] [39670] Trigger "scraper" has been found, beginning invocation!
[info] i  functions: Beginning execution of "scraper"
[debug] [2020-02-27T10:59:06.299Z] [runtime-status] [39670] triggerDefinition {"httpsTrigger":{},"name":"scraper","entryPoint":"scraper"}
[debug] [2020-02-27T10:59:06.300Z] [runtime-status] [39670] Running scraper in mode HTTPS
[debug] [2020-02-27T10:59:06.300Z] [runtime-status] [39670] Attempting to listen to socketPath: /var/folders/n1/krrhmrc50z70khp8vr9lk5b80000gn/T/fire_emu_39670.sock
[debug] [2020-02-27T10:59:06.301Z] [functions] Runtime ready! Sending request!
[debug] [2020-02-27T10:59:06.303Z] [runtime-status] [39670] Ephemeral server handling POST request
[debug] [2020-02-27T10:59:06.304Z] [runtime-status] [39670] Ephemeral server survived.
[info] i  functions: Finished "scraper" in ~1s
[debug] [2020-02-27T10:59:07.540Z] [worker-scraper-07393ccd-f513-4607-8274-bc1568c3db0e]: IDLE
[debug] [2020-02-27T10:59:07.540Z] [work-queue] {"queueLength":0,"workRunningCount":0}
[debug] [2020-02-27T10:59:44.066Z] [work-queue] {"queueLength":1,"workRunningCount":0}
[debug] [2020-02-27T10:59:44.066Z] [work-queue] {"queueLength":0,"workRunningCount":1}
[debug] [2020-02-27T10:59:44.066Z] Accepted request POST /web-app-from-scratch-f6a7f/us-central1/scraper --> scraper
[debug] [2020-02-27T10:59:44.066Z] [worker-pool] submitWork(triggerId=scraper)
[debug] [2020-02-27T10:59:44.067Z] [worker-scraper-07393ccd-f513-4607-8274-bc1568c3db0e]: Assigning socketPath: /var/folders/n1/krrhmrc50z70khp8vr9lk5b80000gn/T/fire_emu_39670.sock
[debug] [2020-02-27T10:59:44.067Z] [worker-scraper-07393ccd-f513-4607-8274-bc1568c3db0e]: BUSY
[debug] [2020-02-27T10:59:44.067Z] [runtime-status] [39670] Trigger "scraper" has been found, beginning invocation!
[info] i  functions: Beginning execution of "scraper"
[debug] [2020-02-27T10:59:44.067Z] [runtime-status] [39670] triggerDefinition {"httpsTrigger":{},"name":"scraper","entryPoint":"scraper"}
[debug] [2020-02-27T10:59:44.067Z] [runtime-status] [39670] Running scraper in mode HTTPS
[debug] [2020-02-27T10:59:44.068Z] [runtime-status] [39670] Attempting to listen to socketPath: /var/folders/n1/krrhmrc50z70khp8vr9lk5b80000gn/T/fire_emu_39670.sock
[debug] [2020-02-27T10:59:44.069Z] [functions] Runtime ready! Sending request!
[debug] [2020-02-27T10:59:44.071Z] [runtime-status] [39670] Ephemeral server handling POST request
[debug] [2020-02-27T10:59:44.072Z] [runtime-status] [39670] Ephemeral server survived.
[info] i  functions: Finished "scraper" in ~1s
[debug] [2020-02-27T10:59:45.580Z] [worker-scraper-07393ccd-f513-4607-8274-bc1568c3db0e]: IDLE
[debug] [2020-02-27T10:59:45.580Z] [work-queue] {"queueLength":0,"workRunningCount":0}
[debug] [2020-02-27T10:59:46.710Z] [work-queue] {"queueLength":1,"workRunningCount":0}
[debug] [2020-02-27T10:59:46.711Z] [work-queue] {"queueLength":0,"workRunningCount":1}
[debug] [2020-02-27T10:59:46.711Z] Accepted request POST /web-app-from-scratch-f6a7f/us-central1/scraper --> scraper
[debug] [2020-02-27T10:59:46.711Z] [worker-pool] submitWork(triggerId=scraper)
[debug] [2020-02-27T10:59:46.711Z] [worker-scraper-07393ccd-f513-4607-8274-bc1568c3db0e]: Assigning socketPath: /var/folders/n1/krrhmrc50z70khp8vr9lk5b80000gn/T/fire_emu_39670.sock
[debug] [2020-02-27T10:59:46.711Z] [worker-scraper-07393ccd-f513-4607-8274-bc1568c3db0e]: BUSY
[debug] [2020-02-27T10:59:46.711Z] [runtime-status] [39670] Trigger "scraper" has been found, beginning invocation!
[info] i  functions: Beginning execution of "scraper"
[debug] [2020-02-27T10:59:46.712Z] [runtime-status] [39670] triggerDefinition {"httpsTrigger":{},"name":"scraper","entryPoint":"scraper"}
[debug] [2020-02-27T10:59:46.712Z] [runtime-status] [39670] Running scraper in mode HTTPS
[debug] [2020-02-27T10:59:46.712Z] [runtime-status] [39670] Attempting to listen to socketPath: /var/folders/n1/krrhmrc50z70khp8vr9lk5b80000gn/T/fire_emu_39670.sock
[debug] [2020-02-27T10:59:46.714Z] [functions] Runtime ready! Sending request!
[debug] [2020-02-27T10:59:46.717Z] [runtime-status] [39670] Ephemeral server handling POST request
[debug] [2020-02-27T10:59:46.718Z] [runtime-status] [39670] Ephemeral server survived.
[info] i  functions: Finished "scraper" in ~1s
[debug] [2020-02-27T10:59:47.573Z] [worker-scraper-07393ccd-f513-4607-8274-bc1568c3db0e]: IDLE
[debug] [2020-02-27T10:59:47.573Z] [work-queue] {"queueLength":0,"workRunningCount":0}
[debug] [2020-02-27T10:59:53.329Z] [work-queue] {"queueLength":1,"workRunningCount":0}
[debug] [2020-02-27T10:59:53.329Z] [work-queue] {"queueLength":0,"workRunningCount":1}
[debug] [2020-02-27T10:59:53.329Z] Accepted request POST /web-app-from-scratch-f6a7f/us-central1/scraper --> scraper
[debug] [2020-02-27T10:59:53.329Z] [worker-pool] submitWork(triggerId=scraper)
[debug] [2020-02-27T10:59:53.329Z] [worker-scraper-07393ccd-f513-4607-8274-bc1568c3db0e]: Assigning socketPath: /var/folders/n1/krrhmrc50z70khp8vr9lk5b80000gn/T/fire_emu_39670.sock
[debug] [2020-02-27T10:59:53.329Z] [worker-scraper-07393ccd-f513-4607-8274-bc1568c3db0e]: BUSY
[debug] [2020-02-27T10:59:53.330Z] [runtime-status] [39670] Trigger "scraper" has been found, beginning invocation!
[info] i  functions: Beginning execution of "scraper"
[debug] [2020-02-27T10:59:53.330Z] [runtime-status] [39670] triggerDefinition {"httpsTrigger":{},"name":"scraper","entryPoint":"scraper"}
[debug] [2020-02-27T10:59:53.330Z] [runtime-status] [39670] Running scraper in mode HTTPS
[debug] [2020-02-27T10:59:53.330Z] [runtime-status] [39670] Attempting to listen to socketPath: /var/folders/n1/krrhmrc50z70khp8vr9lk5b80000gn/T/fire_emu_39670.sock
[debug] [2020-02-27T10:59:53.331Z] [functions] Runtime ready! Sending request!
[debug] [2020-02-27T10:59:53.334Z] [runtime-status] [39670] Ephemeral server handling POST request
[debug] [2020-02-27T10:59:53.334Z] [runtime-status] [39670] Ephemeral server survived.
[info] i  functions: Finished "scraper" in ~1s
[debug] [2020-02-27T10:59:54.942Z] [worker-scraper-07393ccd-f513-4607-8274-bc1568c3db0e]: IDLE
[debug] [2020-02-27T10:59:54.942Z] [work-queue] {"queueLength":0,"workRunningCount":0}
[debug] [2020-02-27T11:00:07.389Z] [work-queue] {"queueLength":1,"workRunningCount":0}
[debug] [2020-02-27T11:00:07.390Z] [work-queue] {"queueLength":0,"workRunningCount":1}
[debug] [2020-02-27T11:00:07.390Z] Accepted request POST /web-app-from-scratch-f6a7f/us-central1/scraper --> scraper
[debug] [2020-02-27T11:00:07.390Z] [worker-pool] submitWork(triggerId=scraper)
[debug] [2020-02-27T11:00:07.390Z] [worker-scraper-07393ccd-f513-4607-8274-bc1568c3db0e]: Assigning socketPath: /var/folders/n1/krrhmrc50z70khp8vr9lk5b80000gn/T/fire_emu_39670.sock
[debug] [2020-02-27T11:00:07.390Z] [worker-scraper-07393ccd-f513-4607-8274-bc1568c3db0e]: BUSY
[debug] [2020-02-27T11:00:07.390Z] [runtime-status] [39670] Trigger "scraper" has been found, beginning invocation!
[info] i  functions: Beginning execution of "scraper"
[debug] [2020-02-27T11:00:07.391Z] [runtime-status] [39670] triggerDefinition {"httpsTrigger":{},"name":"scraper","entryPoint":"scraper"}
[debug] [2020-02-27T11:00:07.391Z] [runtime-status] [39670] Running scraper in mode HTTPS
[debug] [2020-02-27T11:00:07.391Z] [runtime-status] [39670] Attempting to listen to socketPath: /var/folders/n1/krrhmrc50z70khp8vr9lk5b80000gn/T/fire_emu_39670.sock
[debug] [2020-02-27T11:00:07.391Z] [functions] Runtime ready! Sending request!
[debug] [2020-02-27T11:00:07.394Z] [runtime-status] [39670] Ephemeral server handling POST request
[debug] [2020-02-27T11:00:07.395Z] [runtime-status] [39670] Ephemeral server survived.
[info] i  functions: Finished "scraper" in ~2s
[debug] [2020-02-27T11:00:09.418Z] [worker-scraper-07393ccd-f513-4607-8274-bc1568c3db0e]: IDLE
[debug] [2020-02-27T11:00:09.418Z] [work-queue] {"queueLength":0,"workRunningCount":0}
[debug] [2020-02-27T11:31:06.535Z] File /Users/damianveltkamp/Documents/development/web-app-from-scratch-1920/functions/index.js changed, reloading triggers
[debug] [2020-02-27T11:31:07.541Z] [worker-pool] Shutting down IDLE worker (~diagnostic~)
[debug] [2020-02-27T11:31:07.541Z] [worker-~diagnostic~-44ca3a04-03b3-45c7-afd8-f705489040e1]: FINISHING
[debug] [2020-02-27T11:31:07.542Z] [worker-pool] Shutting down IDLE worker (scraper)
[debug] [2020-02-27T11:31:07.542Z] [worker-scraper-07393ccd-f513-4607-8274-bc1568c3db0e]: FINISHING
[debug] [2020-02-27T11:31:07.548Z] [worker-pool] addWorker(~diagnostic~)
[debug] [2020-02-27T11:31:07.548Z] [worker-pool] Adding worker with key ~diagnostic~, total=2
[debug] [2020-02-27T11:31:07.548Z] [worker-pool] submitWork(triggerId=)
[debug] [2020-02-27T11:31:07.548Z] [worker-~diagnostic~-76023e21-f61b-4879-9f68-78871eda2fe4]: Assigning socketPath: /var/folders/n1/krrhmrc50z70khp8vr9lk5b80000gn/T/fire_emu_40372.sock
[debug] [2020-02-27T11:31:07.551Z] [worker-~diagnostic~-76023e21-f61b-4879-9f68-78871eda2fe4]: BUSY
[debug] [2020-02-27T11:31:07.554Z] [worker-~diagnostic~-44ca3a04-03b3-45c7-afd8-f705489040e1]: exited
[debug] [2020-02-27T11:31:07.554Z] [worker-~diagnostic~-44ca3a04-03b3-45c7-afd8-f705489040e1]: FINISHED
[debug] [2020-02-27T11:31:07.554Z] [worker-scraper-07393ccd-f513-4607-8274-bc1568c3db0e]: exited
[debug] [2020-02-27T11:31:07.554Z] [worker-scraper-07393ccd-f513-4607-8274-bc1568c3db0e]: FINISHED
[debug] [2020-02-27T11:31:07.786Z] [runtime-status] [40372] Functions runtime initialized. {"cwd":"/Users/damianveltkamp/Documents/development/web-app-from-scratch-1920/functions","node_version":"12.16.1"}
[debug] [2020-02-27T11:31:07.787Z] [runtime-status] [40372] Disabled runtime features: {"functions_config_helper":true,"network_filtering":true,"timeout":true,"memory_limiting":true,"admin_stubs":true,"pubsub_emulator":true}
[debug] [2020-02-27T11:31:07.789Z] [runtime-status] [40372] Resolved module firebase-admin {"declared":true,"installed":true,"version":"8.9.2","resolution":"/Users/damianveltkamp/Documents/development/web-app-from-scratch-1920/functions/node_modules/firebase-admin/lib/index.js"}
[debug] [2020-02-27T11:31:07.790Z] [runtime-status] [40372] Resolved module firebase-functions {"declared":true,"installed":true,"version":"3.3.0","resolution":"/Users/damianveltkamp/Documents/development/web-app-from-scratch-1920/functions/node_modules/firebase-functions/lib/index.js"}
[debug] [2020-02-27T11:31:07.790Z] [runtime-status] [40372] Resolved module firebase-functions {"declared":true,"installed":true,"version":"3.3.0","resolution":"/Users/damianveltkamp/Documents/development/web-app-from-scratch-1920/functions/node_modules/firebase-functions/lib/index.js"}
[debug] [2020-02-27T11:31:07.919Z] [worker-~diagnostic~-76023e21-f61b-4879-9f68-78871eda2fe4]: IDLE
